  main.c
c:\users\trenton\documents\cpts 121\pa2\pa2\main.c(38): warning C4244: 'initializing': conversion from 'double' to 'int', possible loss of data
c:\users\trenton\documents\cpts 121\pa2\pa2\main.c(39): warning C4244: 'initializing': conversion from 'double' to 'int', possible loss of data
c:\users\trenton\documents\cpts 121\pa2\pa2\main.c(40): warning C4244: 'initializing': conversion from 'double' to 'int', possible loss of data
c:\users\trenton\documents\cpts 121\pa2\pa2\main.c(43): warning C4244: 'initializing': conversion from 'double' to 'char', possible loss of data
c:\users\trenton\documents\cpts 121\pa2\pa2\main.c(44): warning C4244: 'initializing': conversion from 'double' to 'char', possible loss of data
c:\users\trenton\documents\cpts 121\pa2\pa2\main.c(71): warning C4996: 'scanf': This function or variable may be unsafe. Consider using scanf_s instead. To disable deprecation, use _CRT_SECURE_NO_WARNINGS. See online help for details.
  c:\program files (x86)\windows kits\10\include\10.0.10240.0\ucrt\stdio.h(1270): note: see declaration of 'scanf'
c:\users\trenton\documents\cpts 121\pa2\pa2\main.c(79): warning C4996: 'scanf': This function or variable may be unsafe. Consider using scanf_s instead. To disable deprecation, use _CRT_SECURE_NO_WARNINGS. See online help for details.
  c:\program files (x86)\windows kits\10\include\10.0.10240.0\ucrt\stdio.h(1270): note: see declaration of 'scanf'
c:\users\trenton\documents\cpts 121\pa2\pa2\main.c(87): warning C4996: 'scanf': This function or variable may be unsafe. Consider using scanf_s instead. To disable deprecation, use _CRT_SECURE_NO_WARNINGS. See online help for details.
  c:\program files (x86)\windows kits\10\include\10.0.10240.0\ucrt\stdio.h(1270): note: see declaration of 'scanf'
c:\users\trenton\documents\cpts 121\pa2\pa2\main.c(95): warning C4996: 'scanf': This function or variable may be unsafe. Consider using scanf_s instead. To disable deprecation, use _CRT_SECURE_NO_WARNINGS. See online help for details.
  c:\program files (x86)\windows kits\10\include\10.0.10240.0\ucrt\stdio.h(1270): note: see declaration of 'scanf'
c:\users\trenton\documents\cpts 121\pa2\pa2\main.c(104): warning C4996: 'scanf': This function or variable may be unsafe. Consider using scanf_s instead. To disable deprecation, use _CRT_SECURE_NO_WARNINGS. See online help for details.
  c:\program files (x86)\windows kits\10\include\10.0.10240.0\ucrt\stdio.h(1270): note: see declaration of 'scanf'
c:\users\trenton\documents\cpts 121\pa2\pa2\main.c(112): warning C4996: 'scanf': This function or variable may be unsafe. Consider using scanf_s instead. To disable deprecation, use _CRT_SECURE_NO_WARNINGS. See online help for details.
  c:\program files (x86)\windows kits\10\include\10.0.10240.0\ucrt\stdio.h(1270): note: see declaration of 'scanf'
c:\users\trenton\documents\cpts 121\pa2\pa2\main.c(120): warning C4996: 'scanf': This function or variable may be unsafe. Consider using scanf_s instead. To disable deprecation, use _CRT_SECURE_NO_WARNINGS. See online help for details.
  c:\program files (x86)\windows kits\10\include\10.0.10240.0\ucrt\stdio.h(1270): note: see declaration of 'scanf'
c:\users\trenton\documents\cpts 121\pa2\pa2\main.c(128): warning C4996: 'scanf': This function or variable may be unsafe. Consider using scanf_s instead. To disable deprecation, use _CRT_SECURE_NO_WARNINGS. See online help for details.
  c:\program files (x86)\windows kits\10\include\10.0.10240.0\ucrt\stdio.h(1270): note: see declaration of 'scanf'
  equations.c
  Generating Code...
  PA2.vcxproj -> C:\Users\Trenton\Documents\CptS 121\PA2\Debug\PA2.exe
  PA2.vcxproj -> C:\Users\Trenton\Documents\CptS 121\PA2\Debug\PA2.pdb (Full PDB)
