  main.c
c:\users\trenton\documents\cpts 121\pa4\pa4\main.c(36): warning C4087: 'determine_option_validity': declared with 'void' parameter list
c:\users\trenton\documents\cpts 121\pa4\pa4\main.c(41): warning C4087: 'determine_option_validity': declared with 'void' parameter list
c:\users\trenton\documents\cpts 121\pa4\pa4\main.c(62): warning C4996: 'scanf': This function or variable may be unsafe. Consider using scanf_s instead. To disable deprecation, use _CRT_SECURE_NO_WARNINGS. See online help for details.
  c:\program files (x86)\windows kits\10\include\10.0.10240.0\ucrt\stdio.h(1270): note: see declaration of 'scanf'
c:\users\trenton\documents\cpts 121\pa4\pa4\main.c(75): warning C4996: 'scanf': This function or variable may be unsafe. Consider using scanf_s instead. To disable deprecation, use _CRT_SECURE_NO_WARNINGS. See online help for details.
  c:\program files (x86)\windows kits\10\include\10.0.10240.0\ucrt\stdio.h(1270): note: see declaration of 'scanf'
c:\users\trenton\documents\cpts 121\pa4\pa4\main.c(99): warning C4996: 'scanf': This function or variable may be unsafe. Consider using scanf_s instead. To disable deprecation, use _CRT_SECURE_NO_WARNINGS. See online help for details.
  c:\program files (x86)\windows kits\10\include\10.0.10240.0\ucrt\stdio.h(1270): note: see declaration of 'scanf'
c:\users\trenton\documents\cpts 121\pa4\pa4\main.c(110): warning C4996: 'scanf': This function or variable may be unsafe. Consider using scanf_s instead. To disable deprecation, use _CRT_SECURE_NO_WARNINGS. See online help for details.
  c:\program files (x86)\windows kits\10\include\10.0.10240.0\ucrt\stdio.h(1270): note: see declaration of 'scanf'
  functions.c
c:\users\trenton\documents\cpts 121\pa4\pa4\functions.c(55): warning C4996: 'scanf': This function or variable may be unsafe. Consider using scanf_s instead. To disable deprecation, use _CRT_SECURE_NO_WARNINGS. See online help for details.
  c:\program files (x86)\windows kits\10\include\10.0.10240.0\ucrt\stdio.h(1270): note: see declaration of 'scanf'
c:\users\trenton\documents\cpts 121\pa4\pa4\functions.c(158): warning C4996: 'scanf': This function or variable may be unsafe. Consider using scanf_s instead. To disable deprecation, use _CRT_SECURE_NO_WARNINGS. See online help for details.
  c:\program files (x86)\windows kits\10\include\10.0.10240.0\ucrt\stdio.h(1270): note: see declaration of 'scanf'
c:\users\trenton\documents\cpts 121\pa4\pa4\functions.c(162): warning C4996: 'scanf': This function or variable may be unsafe. Consider using scanf_s instead. To disable deprecation, use _CRT_SECURE_NO_WARNINGS. See online help for details.
  c:\program files (x86)\windows kits\10\include\10.0.10240.0\ucrt\stdio.h(1270): note: see declaration of 'scanf'
c:\users\trenton\documents\cpts 121\pa4\pa4\functions.c(183): warning C4996: 'scanf': This function or variable may be unsafe. Consider using scanf_s instead. To disable deprecation, use _CRT_SECURE_NO_WARNINGS. See online help for details.
  c:\program files (x86)\windows kits\10\include\10.0.10240.0\ucrt\stdio.h(1270): note: see declaration of 'scanf'
c:\users\trenton\documents\cpts 121\pa4\pa4\functions.c(427): warning C4996: 'scanf': This function or variable may be unsafe. Consider using scanf_s instead. To disable deprecation, use _CRT_SECURE_NO_WARNINGS. See online help for details.
  c:\program files (x86)\windows kits\10\include\10.0.10240.0\ucrt\stdio.h(1270): note: see declaration of 'scanf'
  Generating Code...
c:\users\trenton\documents\cpts 121\pa4\pa4\functions.c(115): warning C4715: 'validate_option': not all control paths return a value
  PA4.vcxproj -> C:\Users\Trenton\Documents\CptS 121\PA4\Debug\PA4.exe
  PA4.vcxproj -> C:\Users\Trenton\Documents\CptS 121\PA4\Debug\PA4.pdb (Full PDB)
